<?xml version="1.0" encoding="UTF-8"?>
<testng-results ignored="0" total="1" passed="1" failed="0" skipped="0">
  <reporter-output>
  </reporter-output>
  <suite started-at="2025-06-26T11:55:37 IST" name="Default suite" finished-at="2025-06-26T11:55:41 IST" duration-ms="4054">
    <groups>
    </groups>
    <test started-at="2025-06-26T11:55:37 IST" name="Default test" finished-at="2025-06-26T11:55:41 IST" duration-ms="4054">
      <class name="testCases.TC001_Test">
        <test-method is-config="true" signature="setup()[pri:0, instance:testCases.TC001_Test@4116aac9]" started-at="2025-06-26T11:55:37 IST" name="setup" finished-at="2025-06-26T11:55:39 IST" duration-ms="2441" status="PASS">
          <reporter-output>
          </reporter-output>
        </test-method> <!-- setup -->
        <test-method signature="testFlow()[pri:0, instance:testCases.TC001_Test@4116aac9]" started-at="2025-06-26T11:55:39 IST" name="testFlow" finished-at="2025-06-26T11:55:40 IST" duration-ms="1323" status="PASS">
          <reporter-output>
          </reporter-output>
        </test-method> <!-- testFlow -->
        <test-method is-config="true" signature="tearDown()[pri:0, instance:testCases.TC001_Test@4116aac9]" started-at="2025-06-26T11:55:40 IST" name="tearDown" finished-at="2025-06-26T11:55:41 IST" duration-ms="224" status="PASS">
          <reporter-output>
          </reporter-output>
        </test-method> <!-- tearDown -->
      </class> <!-- testCases.TC001_Test -->
    </test> <!-- Default test -->
  </suite> <!-- Default suite -->
</testng-results>
